time="2022-12-13T20:27:38.053704" level=info msg="Logging in to 'https://loadrunner-cloud.saas.microfocus.com'"
time="2022-12-13T20:27:38.641647" level=info msg="Loading script from: C:\\work\\MF_LRDev_Scripts\\Micro-Focus-Example\\AdvantageOnlineShopping ..."
time="2022-12-13T20:27:39.062481" level=info msg="Updating existing script files"
time="2022-12-13T20:27:41.988838" level=info msg="Retrieving existing load tests"
time="2022-12-13T20:27:42.163834" level=info msg="No load test found, creating a new test Autogenerated_AdvantageOnlineShopping"
time="2022-12-13T20:27:43.438311" level=error msg="received status 400 with a message: Request validation failed on parameter (emailAddresses). Reason: Expected type array but found type null."
time="2022-12-13T20:29:25.343006" level=info msg="Logging in to 'https://loadrunner-cloud.saas.microfocus.com'"
time="2022-12-13T20:29:25.947143" level=info msg="Loading script from: C:\\work\\MF_LRDev_Scripts\\Micro-Focus-Example\\AdvantageOnlineShopping ..."
time="2022-12-13T20:29:26.201461" level=info msg="Updating existing script files"
time="2022-12-13T20:29:29.010439" level=info msg="Retrieving existing load tests"
time="2022-12-13T20:29:29.191847" level=info msg="No load test found, creating a new test Autogenerated_AdvantageOnlineShopping"
time="2022-12-13T20:29:30.446269" level=error msg="received status 400 with a message: Request validation failed on parameter (emailAddresses). Reason: Expected type array but found type null."
time="2022-12-13T20:30:15.653447" level=info msg="Logging in to 'https://loadrunner-cloud.saas.microfocus.com'"
time="2022-12-13T20:30:16.176294" level=info msg="Loading script from: C:\\work\\MF_LRDev_Scripts\\Micro-Focus-Example\\AdvantageOnlineShopping ..."
time="2022-12-13T20:30:16.396678" level=info msg="Updating existing script files"
time="2022-12-13T20:30:19.213406" level=info msg="Retrieving existing load tests"
time="2022-12-13T20:30:19.370835" level=info msg="No load test found, creating a new test Autogenerated_AdvantageOnlineShopping"
time="2022-12-13T20:30:20.757649" level=info msg="Disabling SLA for transactions"
time="2022-12-13T20:30:21.880694" level=info msg="Test 'Autogenerated_AdvantageOnlineShopping 9' Id #3969"
time="2022-12-13T20:30:24.418347" level=info msg="Test Autogenerated_AdvantageOnlineShopping 9 started. Run ID: #4846 on cloud"
time="2022-12-13T20:30:24.419236" level=info msg="Load test in progress ..."
time="2022-12-13T20:30:24.656406" level=info msg="Test status: INIT"
time="2022-12-13T20:30:35.686857" level=info msg="The load test is in progress. Return later to get the test run results (use command `getResults` or the `Get test run results` task in VS Code, together with the run ID 4846).\nIf email notification is configured, the results will be emailed when the test is complete."
