[16:16:01.47] Debug: Running build Release_2023.1.0_162 on windows
[16:16:01.48] Info: Starting initialize.
[16:16:01.48] Info: Ending initialize.
[16:16:01.48] Info: Starting iteration 1.
[16:16:01.48] Debug: Parameter userID (sequential) is taken from row 0
[16:16:01.48] Info: Parameter Substitution: 'userID = jarteaga'	(./main.js:16:37)
[16:16:01.48] Debug: Parameter userPWD (same as userID) is taken from row 0
[16:16:01.48] Info: Parameter Substitution: 'userPWD = Password1'	(./main.js:16:61)
[16:16:01.49] Info: Using: [jarteaga : Password1]	(./main.js:16:10)
[16:16:01.49] Info: Transaction 'AOS_landing_page' started.	(./main.js:18:9)
[16:16:01.49] Info: WebRequest [Id: 1] 'https://www.advantageonlineshopping.com/' registered to send (sync).	(./main.js:59:8)
[16:16:01.49] Trace: Request [Id: 1] 'https://www.advantageonlineshopping.com/': 
GET / HTTP/1.1
Host: www.advantageonlineshopping.com
User-Agent: Mozilla/5.0 (Windows NT 6.1; Win64; x64) AppleWebKit/537.36 (KHTML, like Gecko) Chrome/63.0.3239.132 Safari/537.36
Accept: text/html,application/xhtml+xml,application/xml;q=0.9,image/webp,image/apng,*/*;q=0.8
Accept-Encoding: gzip, deflate
Accept-Language: en-US,en;q=0.9
Upgrade-Insecure-Requests: 1


[16:16:01.49] Debug: Request [Id: 1]: GET 'https://www.advantageonlineshopping.com/' started.
[16:16:01.52] Trace: Request [Id: 1]: Connecting tcp socket to host 54.227.55.203:443.
[16:16:01.53] Trace: Request [Id: 1]: Connection to host 54.227.55.203:443 done.
[16:16:01.57] Trace: TLS session version: 1.2 cipher: TLS_ECDHE_RSA_WITH_AES_256_GCM_SHA384
[16:16:01.57] Trace: Request [Id: 1]: New connection from 192.168.132.161:7479 to 54.227.55.203:443 in 13 ms.
[16:16:01.60] Debug: Request [Id: 1]: GET 'https://www.advantageonlineshopping.com/' done. Status 200 OK. HTTP/2.0
[16:16:01.60] Trace: Response 'https://www.advantageonlineshopping.com/': 
HTTP/2.0 200 OK
Connection: close
Accept-Ranges: bytes
Cache-Control: max-age=0
Content-Encoding: gzip
Content-Type: text/html
Date: Wed, 17 Jan 2024 16:16:01 GMT
Etag: W/"11120-1688024148000"
Expires: Wed, 17 Jan 2024 16:16:01 GMT
Last-Modified: Thu, 29 Jun 2023 07:35:48 GMT
Server: nginx/1.18.0 (Ubuntu)
Strict-Transport-Security: max-age=31536000; includeSubDomains; preload
Vary: accept-encoding


[16:16:01.60] Trace: Request [Id: 1.8] 'http://www.advantageonlineshopping.com/css/images/logo.png': 
GET /css/images/logo.png HTTP/1.1
Host: www.advantageonlineshopping.com
User-Agent: Mozilla/5.0 (Windows NT 6.1; Win64; x64) AppleWebKit/537.36 (KHTML, like Gecko) Chrome/63.0.3239.132 Safari/537.36
Accept: text/html,application/xhtml+xml,application/xml;q=0.9,image/webp,image/apng,*/*;q=0.8
Accept-Encoding: gzip, deflate
Accept-Language: en-US,en;q=0.9
Referer: https://www.advantageonlineshopping.com/
Upgrade-Insecure-Requests: 1


[16:16:01.60] Trace: Request [Id: 1.10] 'http://www.advantageonlineshopping.com/catalog/api/v1/categories': 
GET /catalog/api/v1/categories HTTP/1.1
Host: www.advantageonlineshopping.com
User-Agent: Mozilla/5.0 (Windows NT 6.1; Win64; x64) AppleWebKit/537.36 (KHTML, like Gecko) Chrome/63.0.3239.132 Safari/537.36
Accept: text/html,application/xhtml+xml,application/xml;q=0.9,image/webp,image/apng,*/*;q=0.8
Accept-Encoding: gzip, deflate
Accept-Language: en-US,en;q=0.9
Referer: https://www.advantageonlineshopping.com/
Upgrade-Insecure-Requests: 1


[16:16:01.60] Trace: Request [Id: 1.2] 'http://www.advantageonlineshopping.com/css/images/Down_arrow.svg': 
GET /css/images/Down_arrow.svg HTTP/1.1
Host: www.advantageonlineshopping.com
User-Agent: Mozilla/5.0 (Windows NT 6.1; Win64; x64) AppleWebKit/537.36 (KHTML, like Gecko) Chrome/63.0.3239.132 Safari/537.36
Accept: text/html,application/xhtml+xml,application/xml;q=0.9,image/webp,image/apng,*/*;q=0.8
Accept-Encoding: gzip, deflate
Accept-Language: en-US,en;q=0.9
Referer: https://www.advantageonlineshopping.com/
Upgrade-Insecure-Requests: 1


[16:16:01.60] Trace: Request [Id: 1.24] 'http://www.advantageonlineshopping.com/css/images/Popular-item1.jpg': 
GET /css/images/Popular-item1.jpg HTTP/1.1
Host: www.advantageonlineshopping.com
User-Agent: Mozilla/5.0 (Windows NT 6.1; Win64; x64) AppleWebKit/537.36 (KHTML, like Gecko) Chrome/63.0.3239.132 Safari/537.36
Accept: text/html,application/xhtml+xml,application/xml;q=0.9,image/webp,image/apng,*/*;q=0.8
Accept-Encoding: gzip, deflate
Accept-Language: en-US,en;q=0.9
Referer: https://www.advantageonlineshopping.com/
Upgrade-Insecure-Requests: 1


[16:16:01.60] Trace: Request [Id: 1.4] 'http://www.advantageonlineshopping.com/main.min.js': 
GET /main.min.js HTTP/1.1
Host: www.advantageonlineshopping.com
User-Agent: Mozilla/5.0 (Windows NT 6.1; Win64; x64) AppleWebKit/537.36 (KHTML, like Gecko) Chrome/63.0.3239.132 Safari/537.36
Accept: text/html,application/xhtml+xml,application/xml;q=0.9,image/webp,image/apng,*/*;q=0.8
Accept-Encoding: gzip, deflate
Accept-Language: en-US,en;q=0.9
Referer: https://www.advantageonlineshopping.com/
Upgrade-Insecure-Requests: 1


[16:16:01.60] Debug: Request [Id: 1.4]: GET 'http://www.advantageonlineshopping.com/main.min.js' started.
[16:16:01.60] Trace: Request [Id: 1.7] 'http://www.advantageonlineshopping.com/catalog/api/v1/DemoAppConfig/parameters/by_tool/ALL': 
GET /catalog/api/v1/DemoAppConfig/parameters/by_tool/ALL HTTP/1.1
Host: www.advantageonlineshopping.com
User-Agent: Mozilla/5.0 (Windows NT 6.1; Win64; x64) AppleWebKit/537.36 (KHTML, like Gecko) Chrome/63.0.3239.132 Safari/537.36
Accept: text/html,application/xhtml+xml,application/xml;q=0.9,image/webp,image/apng,*/*;q=0.8
Accept-Encoding: gzip, deflate
Accept-Language: en-US,en;q=0.9
Referer: https://www.advantageonlineshopping.com/
Upgrade-Insecure-Requests: 1


[16:16:01.60] Debug: Request [Id: 1.7]: GET 'http://www.advantageonlineshopping.com/catalog/api/v1/DemoAppConfig/parameters/by_tool/ALL' started.
[16:16:01.60] Debug: Request [Id: 1.8]: GET 'http://www.advantageonlineshopping.com/css/images/logo.png' started.
[16:16:01.60] Trace: Request [Id: 1.12] 'http://www.advantageonlineshopping.com/css/images/arrow_right.png': 
GET /css/images/arrow_right.png HTTP/1.1
Host: www.advantageonlineshopping.com
User-Agent: Mozilla/5.0 (Windows NT 6.1; Win64; x64) AppleWebKit/537.36 (KHTML, like Gecko) Chrome/63.0.3239.132 Safari/537.36
Accept: text/html,application/xhtml+xml,application/xml;q=0.9,image/webp,image/apng,*/*;q=0.8
Accept-Encoding: gzip, deflate
Accept-Language: en-US,en;q=0.9
Referer: https://www.advantageonlineshopping.com/
Upgrade-Insecure-Requests: 1


[16:16:01.60] Debug: Request [Id: 1.12]: GET 'http://www.advantageonlineshopping.com/css/images/arrow_right.png' started.
[16:16:01.60] Trace: Request [Id: 1.9] 'http://www.advantageonlineshopping.com/css/images/closeDark.png': 
GET /css/images/closeDark.png HTTP/1.1
Host: www.advantageonlineshopping.com
User-Agent: Mozilla/5.0 (Windows NT 6.1; Win64; x64) AppleWebKit/537.36 (KHTML, like Gecko) Chrome/63.0.3239.132 Safari/537.36
Accept: text/html,application/xhtml+xml,application/xml;q=0.9,image/webp,image/apng,*/*;q=0.8
Accept-Encoding: gzip, deflate
Accept-Language: en-US,en;q=0.9
Referer: https://www.advantageonlineshopping.com/
Upgrade-Insecure-Requests: 1


[16:16:01.60] Trace: Request [Id: 1.11] 'http://www.advantageonlineshopping.com/catalog/api/v1/deals/search?dealOfTheDay=true': 
GET /catalog/api/v1/deals/search?dealOfTheDay=true HTTP/1.1
Host: www.advantageonlineshopping.com
User-Agent: Mozilla/5.0 (Windows NT 6.1; Win64; x64) AppleWebKit/537.36 (KHTML, like Gecko) Chrome/63.0.3239.132 Safari/537.36
Accept: text/html,application/xhtml+xml,application/xml;q=0.9,image/webp,image/apng,*/*;q=0.8
Accept-Encoding: gzip, deflate
Accept-Language: en-US,en;q=0.9
Referer: https://www.advantageonlineshopping.com/
Upgrade-Insecure-Requests: 1


[16:16:01.60] Trace: Request [Id: 1.17] 'http://www.advantageonlineshopping.com/css/images/twitter.png': 
GET /css/images/twitter.png HTTP/1.1
Host: www.advantageonlineshopping.com
User-Agent: Mozilla/5.0 (Windows NT 6.1; Win64; x64) AppleWebKit/537.36 (KHTML, like Gecko) Chrome/63.0.3239.132 Safari/537.36
Accept: text/html,application/xhtml+xml,application/xml;q=0.9,image/webp,image/apng,*/*;q=0.8
Accept-Encoding: gzip, deflate
Accept-Language: en-US,en;q=0.9
Referer: https://www.advantageonlineshopping.com/
Upgrade-Insecure-Requests: 1


[16:16:01.60] Trace: Request [Id: 1.13] 'http://www.advantageonlineshopping.com/css/images/GoUp.png': 
GET /css/images/GoUp.png HTTP/1.1
Host: www.advantageonlineshopping.com
User-Agent: Mozilla/5.0 (Windows NT 6.1; Win64; x64) AppleWebKit/537.36 (KHTML, like Gecko) Chrome/63.0.3239.132 Safari/537.36
Accept: text/html,application/xhtml+xml,application/xml;q=0.9,image/webp,image/apng,*/*;q=0.8
Accept-Encoding: gzip, deflate
Accept-Language: en-US,en;q=0.9
Referer: https://www.advantageonlineshopping.com/
Upgrade-Insecure-Requests: 1


[16:16:01.60] Trace: Request [Id: 1.16] 'http://www.advantageonlineshopping.com/css/images/facebook.png': 
GET /css/images/facebook.png HTTP/1.1
Host: www.advantageonlineshopping.com
User-Agent: Mozilla/5.0 (Windows NT 6.1; Win64; x64) AppleWebKit/537.36 (KHTML, like Gecko) Chrome/63.0.3239.132 Safari/537.36
Accept: text/html,application/xhtml+xml,application/xml;q=0.9,image/webp,image/apng,*/*;q=0.8
Accept-Encoding: gzip, deflate
Accept-Language: en-US,en;q=0.9
Referer: https://www.advantageonlineshopping.com/
Upgrade-Insecure-Requests: 1


[16:16:01.61] Debug: Request [Id: 1.16]: GET 'http://www.advantageonlineshopping.com/css/images/facebook.png' started.
[16:16:01.60] Trace: Request [Id: 1.14] 'http://www.advantageonlineshopping.com/css/images/Special-offer.jpg': 
GET /css/images/Special-offer.jpg HTTP/1.1
Host: www.advantageonlineshopping.com
User-Agent: Mozilla/5.0 (Windows NT 6.1; Win64; x64) AppleWebKit/537.36 (KHTML, like Gecko) Chrome/63.0.3239.132 Safari/537.36
Accept: text/html,application/xhtml+xml,application/xml;q=0.9,image/webp,image/apng,*/*;q=0.8
Accept-Encoding: gzip, deflate
Accept-Language: en-US,en;q=0.9
Referer: https://www.advantageonlineshopping.com/
Upgrade-Insecure-Requests: 1


[16:16:01.61] Debug: Request [Id: 1.14]: GET 'http://www.advantageonlineshopping.com/css/images/Special-offer.jpg' started.
[16:16:01.61] Debug: Request [Id: 1.2]: GET 'http://www.advantageonlineshopping.com/css/images/Down_arrow.svg' started.
[16:16:01.60] Trace: Request [Id: 1.3] 'http://www.advantageonlineshopping.com/vendor/requirejs/require.js': 
GET /vendor/requirejs/require.js HTTP/1.1
Host: www.advantageonlineshopping.com
User-Agent: Mozilla/5.0 (Windows NT 6.1; Win64; x64) AppleWebKit/537.36 (KHTML, like Gecko) Chrome/63.0.3239.132 Safari/537.36
Accept: text/html,application/xhtml+xml,application/xml;q=0.9,image/webp,image/apng,*/*;q=0.8
Accept-Encoding: gzip, deflate
Accept-Language: en-US,en;q=0.9
Referer: https://www.advantageonlineshopping.com/
Upgrade-Insecure-Requests: 1


[16:16:01.60] Trace: Request [Id: 1.23] 'http://www.advantageonlineshopping.com/css/images/Popular-item2.jpg': 
GET /css/images/Popular-item2.jpg HTTP/1.1
Host: www.advantageonlineshopping.com
User-Agent: Mozilla/5.0 (Windows NT 6.1; Win64; x64) AppleWebKit/537.36 (KHTML, like Gecko) Chrome/63.0.3239.132 Safari/537.36
Accept: text/html,application/xhtml+xml,application/xml;q=0.9,image/webp,image/apng,*/*;q=0.8
Accept-Encoding: gzip, deflate
Accept-Language: en-US,en;q=0.9
Referer: https://www.advantageonlineshopping.com/
Upgrade-Insecure-Requests: 1


[16:16:01.61] Debug: Request [Id: 1.23]: GET 'http://www.advantageonlineshopping.com/css/images/Popular-item2.jpg' started.
[16:16:01.60] Trace: Request [Id: 1.19] 'http://www.advantageonlineshopping.com/css/images/Banner1.jpg': 
GET /css/images/Banner1.jpg HTTP/1.1
Host: www.advantageonlineshopping.com
User-Agent: Mozilla/5.0 (Windows NT 6.1; Win64; x64) AppleWebKit/537.36 (KHTML, like Gecko) Chrome/63.0.3239.132 Safari/537.36
Accept: text/html,application/xhtml+xml,application/xml;q=0.9,image/webp,image/apng,*/*;q=0.8
Accept-Encoding: gzip, deflate
Accept-Language: en-US,en;q=0.9
Referer: https://www.advantageonlineshopping.com/
Upgrade-Insecure-Requests: 1


[16:16:01.60] Trace: Request [Id: 1.15] 'http://www.advantageonlineshopping.com/css/images/chat_logo.png': 
GET /css/images/chat_logo.png HTTP/1.1
Host: www.advantageonlineshopping.com
User-Agent: Mozilla/5.0 (Windows NT 6.1; Win64; x64) AppleWebKit/537.36 (KHTML, like Gecko) Chrome/63.0.3239.132 Safari/537.36
Accept: text/html,application/xhtml+xml,application/xml;q=0.9,image/webp,image/apng,*/*;q=0.8
Accept-Encoding: gzip, deflate
Accept-Language: en-US,en;q=0.9
Referer: https://www.advantageonlineshopping.com/
Upgrade-Insecure-Requests: 1


[16:16:01.62] Debug: Request [Id: 1.15]: GET 'http://www.advantageonlineshopping.com/css/images/chat_logo.png' started.
[16:16:01.60] Trace: Request [Id: 1.18] 'http://www.advantageonlineshopping.com/css/images/linkedin.png': 
GET /css/images/linkedin.png HTTP/1.1
Host: www.advantageonlineshopping.com
User-Agent: Mozilla/5.0 (Windows NT 6.1; Win64; x64) AppleWebKit/537.36 (KHTML, like Gecko) Chrome/63.0.3239.132 Safari/537.36
Accept: text/html,application/xhtml+xml,application/xml;q=0.9,image/webp,image/apng,*/*;q=0.8
Accept-Encoding: gzip, deflate
Accept-Language: en-US,en;q=0.9
Referer: https://www.advantageonlineshopping.com/
Upgrade-Insecure-Requests: 1


[16:16:01.60] Trace: Request [Id: 1.21] 'http://www.advantageonlineshopping.com/css/images/Banner3.jpg': 
GET /css/images/Banner3.jpg HTTP/1.1
Host: www.advantageonlineshopping.com
User-Agent: Mozilla/5.0 (Windows NT 6.1; Win64; x64) AppleWebKit/537.36 (KHTML, like Gecko) Chrome/63.0.3239.132 Safari/537.36
Accept: text/html,application/xhtml+xml,application/xml;q=0.9,image/webp,image/apng,*/*;q=0.8
Accept-Encoding: gzip, deflate
Accept-Language: en-US,en;q=0.9
Referer: https://www.advantageonlineshopping.com/
Upgrade-Insecure-Requests: 1


[16:16:01.62] Debug: Request [Id: 1.21]: GET 'http://www.advantageonlineshopping.com/css/images/Banner3.jpg' started.
[16:16:01.60] Debug: Request [Id: 1.24]: GET 'http://www.advantageonlineshopping.com/css/images/Popular-item1.jpg' started.
[16:16:01.62] Trace: Request [Id: 1.21]: Connecting tcp socket to host 54.227.55.203:80.
[16:16:01.60] Trace: Request [Id: 1.6] 'http://www.advantageonlineshopping.com/catalog/api/v1/categories/all_data': 
GET /catalog/api/v1/categories/all_data HTTP/1.1
Host: www.advantageonlineshopping.com
User-Agent: Mozilla/5.0 (Windows NT 6.1; Win64; x64) AppleWebKit/537.36 (KHTML, like Gecko) Chrome/63.0.3239.132 Safari/537.36
Accept: text/html,application/xhtml+xml,application/xml;q=0.9,image/webp,image/apng,*/*;q=0.8
Accept-Encoding: gzip, deflate
Accept-Language: en-US,en;q=0.9
Referer: https://www.advantageonlineshopping.com/
Upgrade-Insecure-Requests: 1


[16:16:01.62] Debug: Request [Id: 1.6]: GET 'http://www.advantageonlineshopping.com/catalog/api/v1/categories/all_data' started.
[16:16:01.60] Trace: Request [Id: 1.4]: Connecting tcp socket to host 54.227.55.203:80.
[16:16:01.60] Trace: Request [Id: 1.7]: Connecting tcp socket to host 54.227.55.203:80.
[16:16:01.61] Debug: Request [Id: 1.9]: GET 'http://www.advantageonlineshopping.com/css/images/closeDark.png' started.
[16:16:01.61] Debug: Request [Id: 1.10]: GET 'http://www.advantageonlineshopping.com/catalog/api/v1/categories' started.
[16:16:01.61] Debug: Request [Id: 1.11]: GET 'http://www.advantageonlineshopping.com/catalog/api/v1/deals/search?dealOfTheDay=true' started.
[16:16:01.61] Debug: Request [Id: 1.17]: GET 'http://www.advantageonlineshopping.com/css/images/twitter.png' started.
[16:16:01.61] Debug: Request [Id: 1.13]: GET 'http://www.advantageonlineshopping.com/css/images/GoUp.png' started.
[16:16:01.60] Trace: Request [Id: 1.20] 'http://www.advantageonlineshopping.com/css/images/Banner2.jpg': 
GET /css/images/Banner2.jpg HTTP/1.1
Host: www.advantageonlineshopping.com
User-Agent: Mozilla/5.0 (Windows NT 6.1; Win64; x64) AppleWebKit/537.36 (KHTML, like Gecko) Chrome/63.0.3239.132 Safari/537.36
Accept: text/html,application/xhtml+xml,application/xml;q=0.9,image/webp,image/apng,*/*;q=0.8
Accept-Encoding: gzip, deflate
Accept-Language: en-US,en;q=0.9
Referer: https://www.advantageonlineshopping.com/
Upgrade-Insecure-Requests: 1


[16:16:01.60] Trace: Request [Id: 1.1] 'http://www.advantageonlineshopping.com/css/main.min.css': 
GET /css/main.min.css HTTP/1.1
Host: www.advantageonlineshopping.com
User-Agent: Mozilla/5.0 (Windows NT 6.1; Win64; x64) AppleWebKit/537.36 (KHTML, like Gecko) Chrome/63.0.3239.132 Safari/537.36
Accept: text/html,application/xhtml+xml,application/xml;q=0.9,image/webp,image/apng,*/*;q=0.8
Accept-Encoding: gzip, deflate
Accept-Language: en-US,en;q=0.9
Referer: https://www.advantageonlineshopping.com/
Upgrade-Insecure-Requests: 1


[16:16:01.63] Debug: Request [Id: 1.1]: GET 'http://www.advantageonlineshopping.com/css/main.min.css' started.
[16:16:01.61] Trace: Request [Id: 1.16]: Connecting tcp socket to host 54.227.55.203:80.
[16:16:01.61] Trace: Request [Id: 1.14]: Connecting tcp socket to host 54.227.55.203:80.
[16:16:01.61] Debug: Request [Id: 1.3]: GET 'http://www.advantageonlineshopping.com/vendor/requirejs/require.js' started.
[16:16:01.61] Debug: Request [Id: 1.19]: GET 'http://www.advantageonlineshopping.com/css/images/Banner1.jpg' started.
[16:16:01.62] Debug: Request [Id: 1.18]: GET 'http://www.advantageonlineshopping.com/css/images/linkedin.png' started.
[16:16:01.60] Trace: Request [Id: 1.22] 'http://www.advantageonlineshopping.com/css/images/Popular-item3.jpg': 
GET /css/images/Popular-item3.jpg HTTP/1.1
Host: www.advantageonlineshopping.com
User-Agent: Mozilla/5.0 (Windows NT 6.1; Win64; x64) AppleWebKit/537.36 (KHTML, like Gecko) Chrome/63.0.3239.132 Safari/537.36
Accept: text/html,application/xhtml+xml,application/xml;q=0.9,image/webp,image/apng,*/*;q=0.8
Accept-Encoding: gzip, deflate
Accept-Language: en-US,en;q=0.9
Referer: https://www.advantageonlineshopping.com/
Upgrade-Insecure-Requests: 1


[16:16:01.62] Trace: Request [Id: 1.24]: Connecting tcp socket to host 54.227.55.203:80.
[16:16:01.60] Trace: Request [Id: 1.5] 'http://www.advantageonlineshopping.com/services.properties': 
GET /services.properties HTTP/1.1
Host: www.advantageonlineshopping.com
User-Agent: Mozilla/5.0 (Windows NT 6.1; Win64; x64) AppleWebKit/537.36 (KHTML, like Gecko) Chrome/63.0.3239.132 Safari/537.36
Accept: text/html,application/xhtml+xml,application/xml;q=0.9,image/webp,image/apng,*/*;q=0.8
Accept-Encoding: gzip, deflate
Accept-Language: en-US,en;q=0.9
Referer: https://www.advantageonlineshopping.com/
Upgrade-Insecure-Requests: 1


[16:16:01.63] Debug: Request [Id: 1.5]: GET 'http://www.advantageonlineshopping.com/services.properties' started.
[16:16:01.63] Debug: Request [Id: 1.20]: GET 'http://www.advantageonlineshopping.com/css/images/Banner2.jpg' started.
[16:16:01.63] Debug: Request [Id: 1.22]: GET 'http://www.advantageonlineshopping.com/css/images/Popular-item3.jpg' started.
[16:16:01.63] Trace: Request [Id: 1.4]: Connection to host 54.227.55.203:80 done.
[16:16:01.63] Trace: Request [Id: 1.7]: Connection to host 54.227.55.203:80 done.
[16:16:01.63] Trace: Request [Id: 1.4]: New connection from 192.168.132.161:7480 to 54.227.55.203:80 in 31 ms.
[16:16:01.63] Trace: Request [Id: 1.7]: New connection from 192.168.132.161:7481 to 54.227.55.203:80 in 30 ms.
[16:16:01.64] Trace: Request [Id: 1.24]: Connection to host 54.227.55.203:80 done.
[16:16:01.64] Trace: Request [Id: 1.24]: New connection from 192.168.132.161:7484 to 54.227.55.203:80 in 24 ms.
[16:16:01.64] Trace: Request [Id: 1.21]: Connection to host 54.227.55.203:80 done.
[16:16:01.64] Trace: Request [Id: 1.16]: Connection to host 54.227.55.203:80 done.
[16:16:01.64] Trace: Request [Id: 1.21]: New connection from 192.168.132.161:7485 to 54.227.55.203:80 in 25 ms.
[16:16:01.64] Trace: Request [Id: 1.16]: New connection from 192.168.132.161:7482 to 54.227.55.203:80 in 31 ms.
[16:16:01.65] Trace: Request [Id: 1.14]: Connection to host 54.227.55.203:80 done.
[16:16:01.65] Trace: Request [Id: 1.14]: New connection from 192.168.132.161:7483 to 54.227.55.203:80 in 39 ms.
[16:16:01.66] Debug: Request [Id: 1.4]: GET 'http://www.advantageonlineshopping.com/main.min.js' done. Status 200 . HTTP/1.1
[16:16:01.66] Trace: Response 'http://www.advantageonlineshopping.com/main.min.js': 
HTTP/1.1 200 
Transfer-Encoding: chunked
Accept-Ranges: bytes
Cache-Control: max-age=600
Connection: keep-alive
Content-Encoding: gzip
Content-Type: application/javascript
Date: Wed, 17 Jan 2024 16:16:01 GMT
Etag: W/"1140570-1688024148000"
Expires: Wed, 17 Jan 2024 16:26:01 GMT
Last-Modified: Thu, 29 Jun 2023 07:35:48 GMT
Server: nginx/1.18.0 (Ubuntu)
Vary: accept-encoding


[16:16:01.66] Debug: Request [Id: 1.24]: GET 'http://www.advantageonlineshopping.com/css/images/Popular-item1.jpg' done. Status 200 . HTTP/1.1
[16:16:01.67] Trace: Response 'http://www.advantageonlineshopping.com/css/images/Popular-item1.jpg': 
HTTP/1.1 200 
Content-Length: 42737
Accept-Ranges: bytes
Cache-Control: max-age=864000
Connection: keep-alive
Content-Type: image/jpeg
Date: Wed, 17 Jan 2024 16:16:01 GMT
Etag: W/"42737-1688024148000"
Expires: Sat, 27 Jan 2024 16:16:01 GMT
Last-Modified: Thu, 29 Jun 2023 07:35:48 GMT
Server: nginx/1.18.0 (Ubuntu)


[16:16:01.67] Debug: Request [Id: 1.16]: GET 'http://www.advantageonlineshopping.com/css/images/facebook.png' done. Status 200 . HTTP/1.1
[16:16:01.67] Debug: Request [Id: 1.21]: GET 'http://www.advantageonlineshopping.com/css/images/Banner3.jpg' done. Status 200 . HTTP/1.1
[16:16:01.68] Trace: Response 'http://www.advantageonlineshopping.com/css/images/Banner3.jpg': 
HTTP/1.1 200 
Content-Length: 68456
Accept-Ranges: bytes
Cache-Control: max-age=864000
Connection: keep-alive
Content-Type: image/jpeg
Date: Wed, 17 Jan 2024 16:16:01 GMT
Etag: W/"68456-1688024148000"
Expires: Sat, 27 Jan 2024 16:16:01 GMT
Last-Modified: Thu, 29 Jun 2023 07:35:48 GMT
Server: nginx/1.18.0 (Ubuntu)


[16:16:01.67] Trace: Response 'http://www.advantageonlineshopping.com/css/images/facebook.png': 
HTTP/1.1 200 
Content-Length: 1583
Accept-Ranges: bytes
Cache-Control: max-age=864000
Connection: keep-alive
Content-Type: image/png
Date: Wed, 17 Jan 2024 16:16:01 GMT
Etag: W/"1583-1688024148000"
Expires: Sat, 27 Jan 2024 16:16:01 GMT
Last-Modified: Thu, 29 Jun 2023 07:35:48 GMT
Server: nginx/1.18.0 (Ubuntu)


[16:16:01.68] Debug: Request [Id: 1.14]: GET 'http://www.advantageonlineshopping.com/css/images/Special-offer.jpg' done. Status 200 . HTTP/1.1
[16:16:01.68] Trace: Response 'http://www.advantageonlineshopping.com/css/images/Special-offer.jpg': 
HTTP/1.1 200 
Content-Length: 80826
Accept-Ranges: bytes
Cache-Control: max-age=864000
Connection: keep-alive
Content-Type: image/jpeg
Date: Wed, 17 Jan 2024 16:16:01 GMT
Etag: W/"80826-1688024148000"
Expires: Sat, 27 Jan 2024 16:16:01 GMT
Last-Modified: Thu, 29 Jun 2023 07:35:48 GMT
Server: nginx/1.18.0 (Ubuntu)


[16:16:01.68] Trace: Request [Id: 1.6]: Using existing connection from 192.168.132.161:7482 to 54.227.55.203:80.
[16:16:01.69] Debug: Request [Id: 1.7]: GET 'http://www.advantageonlineshopping.com/catalog/api/v1/DemoAppConfig/parameters/by_tool/ALL' done. Status 200 . HTTP/1.1
[16:16:01.69] Trace: Response 'http://www.advantageonlineshopping.com/catalog/api/v1/DemoAppConfig/parameters/by_tool/ALL': 
HTTP/1.1 200 
Transfer-Encoding: chunked
Cache-Control: no-store
Connection: keep-alive
Content-Encoding: gzip
Content-Type: application/json
Date: Wed, 17 Jan 2024 16:16:01 GMT
Expires: 0
Server: nginx/1.18.0 (Ubuntu)
Vary: accept-encoding
X-Content-Type-Options: nosniff
X-Frame-Options: DENY
X-Xss-Protection: 1; mode=block


[16:16:01.69] Trace: Request [Id: 1.8]: Using existing connection from 192.168.132.161:7481 to 54.227.55.203:80.
[16:16:01.69] Trace: Request [Id: 1.12]: Using existing connection from 192.168.132.161:7484 to 54.227.55.203:80.
[16:16:01.71] Debug: Request [Id: 1.12]: GET 'http://www.advantageonlineshopping.com/css/images/arrow_right.png' done. Status 200 . HTTP/1.1
[16:16:01.71] Trace: Request [Id: 1.9]: Using existing connection from 192.168.132.161:7485 to 54.227.55.203:80.
[16:16:01.71] Trace: Response 'http://www.advantageonlineshopping.com/css/images/arrow_right.png': 
HTTP/1.1 200 
Content-Length: 996
Accept-Ranges: bytes
Cache-Control: max-age=864000
Connection: keep-alive
Content-Type: image/png
Date: Wed, 17 Jan 2024 16:16:01 GMT
Etag: W/"996-1688024148000"
Expires: Sat, 27 Jan 2024 16:16:01 GMT
Last-Modified: Thu, 29 Jun 2023 07:35:48 GMT
Server: nginx/1.18.0 (Ubuntu)


[16:16:01.71] Trace: Request [Id: 1.10]: Using existing connection from 192.168.132.161:7484 to 54.227.55.203:80.
[16:16:01.71] Debug: Request [Id: 1.8]: GET 'http://www.advantageonlineshopping.com/css/images/logo.png' done. Status 200 . HTTP/1.1
[16:16:01.72] Trace: Response 'http://www.advantageonlineshopping.com/css/images/logo.png': 
HTTP/1.1 200 
Content-Length: 2645
Accept-Ranges: bytes
Cache-Control: max-age=864000
Connection: keep-alive
Content-Type: image/png
Date: Wed, 17 Jan 2024 16:16:01 GMT
Etag: W/"2645-1688024148000"
Expires: Sat, 27 Jan 2024 16:16:01 GMT
Last-Modified: Thu, 29 Jun 2023 07:35:48 GMT
Server: nginx/1.18.0 (Ubuntu)


[16:16:01.72] Trace: Request [Id: 1.11]: Using existing connection from 192.168.132.161:7481 to 54.227.55.203:80.
[16:16:01.73] Debug: Request [Id: 1.9]: GET 'http://www.advantageonlineshopping.com/css/images/closeDark.png' done. Status 200 . HTTP/1.1
[16:16:01.73] Trace: Response 'http://www.advantageonlineshopping.com/css/images/closeDark.png': 
HTTP/1.1 200 
Content-Length: 1098
Accept-Ranges: bytes
Cache-Control: max-age=864000
Connection: keep-alive
Content-Type: image/png
Date: Wed, 17 Jan 2024 16:16:01 GMT
Etag: W/"1098-1688024148000"
Expires: Sat, 27 Jan 2024 16:16:01 GMT
Last-Modified: Thu, 29 Jun 2023 07:35:48 GMT
Server: nginx/1.18.0 (Ubuntu)


[16:16:01.73] Trace: Request [Id: 1.17]: Using existing connection from 192.168.132.161:7485 to 54.227.55.203:80.
[16:16:01.73] Trace: Request [Id: 1.13]: Using existing connection from 192.168.132.161:7483 to 54.227.55.203:80.
[16:16:01.75] Debug: Request [Id: 1.17]: GET 'http://www.advantageonlineshopping.com/css/images/twitter.png' done. Status 200 . HTTP/1.1
[16:16:01.75] Trace: Response 'http://www.advantageonlineshopping.com/css/images/twitter.png': 
HTTP/1.1 200 
Content-Length: 2064
Accept-Ranges: bytes
Cache-Control: max-age=864000
Connection: keep-alive
Content-Type: image/png
Date: Wed, 17 Jan 2024 16:16:01 GMT
Etag: W/"2064-1688024148000"
Expires: Sat, 27 Jan 2024 16:16:01 GMT
Last-Modified: Thu, 29 Jun 2023 07:35:48 GMT
Server: nginx/1.18.0 (Ubuntu)


[16:16:01.75] Trace: Request [Id: 1.2]: Using existing connection from 192.168.132.161:7485 to 54.227.55.203:80.
[16:16:01.76] Trace: Request [Id: 1.3]: Using existing connection from 192.168.132.161:7480 to 54.227.55.203:80.
[16:16:01.76] Debug: Request [Id: 1.13]: GET 'http://www.advantageonlineshopping.com/css/images/GoUp.png' done. Status 200 . HTTP/1.1
[16:16:01.76] Trace: Response 'http://www.advantageonlineshopping.com/css/images/GoUp.png': 
HTTP/1.1 200 
Content-Length: 2114
Accept-Ranges: bytes
Cache-Control: max-age=864000
Connection: keep-alive
Content-Type: image/png
Date: Wed, 17 Jan 2024 16:16:01 GMT
Etag: W/"2114-1688024148000"
Expires: Sat, 27 Jan 2024 16:16:01 GMT
Last-Modified: Thu, 29 Jun 2023 07:35:48 GMT
Server: nginx/1.18.0 (Ubuntu)


[16:16:01.76] Trace: Request [Id: 1.23]: Using existing connection from 192.168.132.161:7483 to 54.227.55.203:80.
[16:16:01.76] Debug: Request [Id: 1.2]: GET 'http://www.advantageonlineshopping.com/css/images/Down_arrow.svg' done. Status 200 . HTTP/1.1
[16:16:01.76] Trace: Response 'http://www.advantageonlineshopping.com/css/images/Down_arrow.svg': 
HTTP/1.1 200 
Content-Length: 795
Accept-Ranges: bytes
Cache-Control: max-age=864000
Connection: keep-alive
Content-Type: image/svg+xml
Date: Wed, 17 Jan 2024 16:16:01 GMT
Etag: W/"795-1688024148000"
Expires: Sat, 27 Jan 2024 16:16:01 GMT
Last-Modified: Thu, 29 Jun 2023 07:35:48 GMT
Server: nginx/1.18.0 (Ubuntu)


[16:16:01.76] Trace: Request [Id: 1.19]: Using existing connection from 192.168.132.161:7485 to 54.227.55.203:80.
[16:16:01.77] Debug: Request [Id: 1.3]: GET 'http://www.advantageonlineshopping.com/vendor/requirejs/require.js' done. Status 200 . HTTP/1.1
[16:16:01.77] Trace: Response 'http://www.advantageonlineshopping.com/vendor/requirejs/require.js': 
HTTP/1.1 200 
Transfer-Encoding: chunked
Accept-Ranges: bytes
Cache-Control: max-age=600
Connection: keep-alive
Content-Encoding: gzip
Content-Type: application/javascript
Date: Wed, 17 Jan 2024 16:16:01 GMT
Etag: W/"85921-1675769644000"
Expires: Wed, 17 Jan 2024 16:26:01 GMT
Last-Modified: Tue, 07 Feb 2023 11:34:04 GMT
Server: nginx/1.18.0 (Ubuntu)
Vary: accept-encoding


[16:16:01.77] Trace: Request [Id: 1.15]: Using existing connection from 192.168.132.161:7480 to 54.227.55.203:80.
[16:16:01.78] Debug: Request [Id: 1.19]: GET 'http://www.advantageonlineshopping.com/css/images/Banner1.jpg' done. Status 200 . HTTP/1.1
[16:16:01.78] Trace: Response 'http://www.advantageonlineshopping.com/css/images/Banner1.jpg': 
HTTP/1.1 200 
Content-Length: 496378
Accept-Ranges: bytes
Cache-Control: max-age=864000
Connection: keep-alive
Content-Type: image/jpeg
Date: Wed, 17 Jan 2024 16:16:01 GMT
Etag: W/"496378-1688024148000"
Expires: Sat, 27 Jan 2024 16:16:01 GMT
Last-Modified: Thu, 29 Jun 2023 07:35:48 GMT
Server: nginx/1.18.0 (Ubuntu)


[16:16:01.78] Debug: Request [Id: 1.23]: GET 'http://www.advantageonlineshopping.com/css/images/Popular-item2.jpg' done. Status 200 . HTTP/1.1
[16:16:01.78] Trace: Response 'http://www.advantageonlineshopping.com/css/images/Popular-item2.jpg': 
HTTP/1.1 200 
Content-Length: 28087
Accept-Ranges: bytes
Cache-Control: max-age=864000
Connection: keep-alive
Content-Type: image/jpeg
Date: Wed, 17 Jan 2024 16:16:01 GMT
Etag: W/"28087-1688024148000"
Expires: Sat, 27 Jan 2024 16:16:01 GMT
Last-Modified: Thu, 29 Jun 2023 07:35:48 GMT
Server: nginx/1.18.0 (Ubuntu)


[16:16:01.78] Trace: Request [Id: 1.18]: Using existing connection from 192.168.132.161:7483 to 54.227.55.203:80.
[16:16:01.79] Debug: Request [Id: 1.15]: GET 'http://www.advantageonlineshopping.com/css/images/chat_logo.png' done. Status 200 . HTTP/1.1
[16:16:01.79] Trace: Response 'http://www.advantageonlineshopping.com/css/images/chat_logo.png': 
HTTP/1.1 200 
Content-Length: 3003
Accept-Ranges: bytes
Cache-Control: max-age=864000
Connection: keep-alive
Content-Type: image/png
Date: Wed, 17 Jan 2024 16:16:01 GMT
Etag: W/"3003-1688024148000"
Expires: Sat, 27 Jan 2024 16:16:01 GMT
Last-Modified: Thu, 29 Jun 2023 07:35:48 GMT
Server: nginx/1.18.0 (Ubuntu)


[16:16:01.79] Trace: Request [Id: 1.20]: Using existing connection from 192.168.132.161:7480 to 54.227.55.203:80.
[16:16:01.80] Debug: Request [Id: 1.18]: GET 'http://www.advantageonlineshopping.com/css/images/linkedin.png' done. Status 200 . HTTP/1.1
[16:16:01.80] Trace: Response 'http://www.advantageonlineshopping.com/css/images/linkedin.png': 
HTTP/1.1 200 
Content-Length: 1707
Accept-Ranges: bytes
Cache-Control: max-age=864000
Connection: keep-alive
Content-Type: image/png
Date: Wed, 17 Jan 2024 16:16:01 GMT
Etag: W/"1707-1688024148000"
Expires: Sat, 27 Jan 2024 16:16:01 GMT
Last-Modified: Thu, 29 Jun 2023 07:35:48 GMT
Server: nginx/1.18.0 (Ubuntu)


[16:16:01.81] Trace: Request [Id: 1.1]: Using existing connection from 192.168.132.161:7483 to 54.227.55.203:80.
[16:16:01.82] Debug: Request [Id: 1.20]: GET 'http://www.advantageonlineshopping.com/css/images/Banner2.jpg' done. Status 200 . HTTP/1.1
[16:16:01.82] Trace: Response 'http://www.advantageonlineshopping.com/css/images/Banner2.jpg': 
HTTP/1.1 200 
Content-Length: 85091
Accept-Ranges: bytes
Cache-Control: max-age=863999
Connection: keep-alive
Content-Type: image/jpeg
Date: Wed, 17 Jan 2024 16:16:01 GMT
Etag: W/"85091-1688024148000"
Expires: Sat, 27 Jan 2024 16:16:01 GMT
Last-Modified: Thu, 29 Jun 2023 07:35:48 GMT
Server: nginx/1.18.0 (Ubuntu)


[16:16:01.83] Debug: Request [Id: 1.1]: GET 'http://www.advantageonlineshopping.com/css/main.min.css' done. Status 200 . HTTP/1.1
[16:16:01.83] Trace: Response 'http://www.advantageonlineshopping.com/css/main.min.css': 
HTTP/1.1 200 
Transfer-Encoding: chunked
Accept-Ranges: bytes
Cache-Control: max-age=36000
Connection: keep-alive
Content-Encoding: gzip
Content-Type: text/css
Date: Wed, 17 Jan 2024 16:16:01 GMT
Etag: W/"170701-1688024148000"
Expires: Thu, 18 Jan 2024 02:16:01 GMT
Last-Modified: Thu, 29 Jun 2023 07:35:48 GMT
Server: nginx/1.18.0 (Ubuntu)
Vary: accept-encoding


[16:16:01.83] Trace: Request [Id: 1.22]: Using existing connection from 192.168.132.161:7480 to 54.227.55.203:80.
[16:16:01.84] Trace: Request [Id: 1.5]: Using existing connection from 192.168.132.161:7483 to 54.227.55.203:80.
[16:16:01.86] Debug: Request [Id: 1.22]: GET 'http://www.advantageonlineshopping.com/css/images/Popular-item3.jpg' done. Status 200 . HTTP/1.1
[16:16:01.86] Trace: Response 'http://www.advantageonlineshopping.com/css/images/Popular-item3.jpg': 
HTTP/1.1 200 
Content-Length: 25978
Accept-Ranges: bytes
Cache-Control: max-age=864000
Connection: keep-alive
Content-Type: image/jpeg
Date: Wed, 17 Jan 2024 16:16:01 GMT
Etag: W/"25978-1688024148000"
Expires: Sat, 27 Jan 2024 16:16:01 GMT
Last-Modified: Thu, 29 Jun 2023 07:35:48 GMT
Server: nginx/1.18.0 (Ubuntu)


[16:16:01.86] Debug: Request [Id: 1.5]: GET 'http://www.advantageonlineshopping.com/services.properties' done. Status 200 . HTTP/1.1
[16:16:01.86] Trace: Response 'http://www.advantageonlineshopping.com/services.properties': 
HTTP/1.1 200 
Content-Length: 1010
Accept-Ranges: bytes
Cache-Control: max-age=0
Connection: keep-alive
Date: Wed, 17 Jan 2024 16:16:01 GMT
Etag: W/"1010-1704274047940"
Expires: Wed, 17 Jan 2024 16:16:01 GMT
Last-Modified: Wed, 03 Jan 2024 09:27:27 GMT
Server: nginx/1.18.0 (Ubuntu)


[16:16:01.99] Debug: Request [Id: 1.10]: GET 'http://www.advantageonlineshopping.com/catalog/api/v1/categories' done. Status 200 . HTTP/1.1
[16:16:01.99] Trace: Response 'http://www.advantageonlineshopping.com/catalog/api/v1/categories': 
HTTP/1.1 200 
Transfer-Encoding: chunked
Cache-Control: no-store
Connection: keep-alive
Content-Encoding: gzip
Content-Type: application/json
Date: Wed, 17 Jan 2024 16:16:01 GMT
Expires: 0
Server: nginx/1.18.0 (Ubuntu)
Vary: accept-encoding
X-Content-Type-Options: nosniff
X-Frame-Options: DENY
X-Xss-Protection: 1; mode=block


[16:16:01.99] Debug: Request [Id: 1.11]: GET 'http://www.advantageonlineshopping.com/catalog/api/v1/deals/search?dealOfTheDay=true' done. Status 200 . HTTP/1.1
[16:16:01.99] Trace: Response 'http://www.advantageonlineshopping.com/catalog/api/v1/deals/search?dealOfTheDay=true': 
HTTP/1.1 200 
Transfer-Encoding: chunked
Cache-Control: no-store
Connection: keep-alive
Content-Encoding: gzip
Content-Type: application/json
Date: Wed, 17 Jan 2024 16:16:01 GMT
Expires: 0
Server: nginx/1.18.0 (Ubuntu)
Vary: accept-encoding
X-Content-Type-Options: nosniff
X-Frame-Options: DENY
X-Xss-Protection: 1; mode=block


[16:16:02.64] Debug: Request [Id: 1.6]: GET 'http://www.advantageonlineshopping.com/catalog/api/v1/categories/all_data' done. Status 200 . HTTP/1.1
[16:16:02.64] Trace: Response 'http://www.advantageonlineshopping.com/catalog/api/v1/categories/all_data': 
HTTP/1.1 200 
Transfer-Encoding: chunked
Cache-Control: no-store
Connection: keep-alive
Content-Encoding: gzip
Content-Type: application/json
Date: Wed, 17 Jan 2024 16:16:02 GMT
Expires: 0
Server: nginx/1.18.0 (Ubuntu)
Vary: accept-encoding
X-Content-Type-Options: nosniff
X-Frame-Options: DENY
X-Xss-Protection: 1; mode=block


[16:16:02.65] Info: WebRequest [Id: 1] 'https://www.advantageonlineshopping.com/' completed. (25 request(s) sent, 1193782 bytes downloaded)	(./main.js:59:8)
[16:16:02.65] Info: WebRequest [Id: 2] 'https://www.advantageonlineshopping.com/accountservice/ws/GetAccountConfigurationRequest' registered to send (sync).	(./main.js:81:8)
[16:16:02.65] Trace: Request [Id: 2] 'https://www.advantageonlineshopping.com/accountservice/ws/GetAccountConfigurationRequest': 
POST /accountservice/ws/GetAccountConfigurationRequest HTTP/1.1
Host: www.advantageonlineshopping.com
User-Agent: Mozilla/5.0 (Windows NT 6.1; Win64; x64) AppleWebKit/537.36 (KHTML, like Gecko) Chrome/63.0.3239.132 Safari/537.36
Content-Length: 413
Accept: application/xml, text/xml, */*; q=0.01
Accept-Encoding: gzip, deflate
Accept-Language: en-US,en;q=0.9
Content-Type: text/xml; charset=UTF-8
Origin: http://www.advantageonlineshopping.com
Referer: http://www.advantageonlineshopping.com/
Soapaction: com.advantage.online.store.accountserviceGetAccountConfigurationRequest
X-Requested-With: XMLHttpRequest

<?xml version="1.0" encoding="UTF-8"?>
<soap:Envelope xmlns:soap="http://schemas.xmlsoap.org/soap/envelope/"
               xmlns:xsd="http://www.w3.org/2001/XMLSchema" xmlns:xsi="http://www.w3.org/2001/XMLSchema-instance">
    <soap:Body>
        <GetAccountConfigurationRequest
                xmlns="com.advantage.online.store.accountservice"></GetAccountConfigurationRequest>
    </soap:Body>
</soap:Envelope>
[16:16:02.66] Debug: Request [Id: 2]: POST 'https://www.advantageonlineshopping.com/accountservice/ws/GetAccountConfigurationRequest' started.
[16:16:02.66] Trace: Request [Id: 2]: Using existing connection from 192.168.132.161:7479 to 54.227.55.203:443.
[16:16:02.73] Debug: Request [Id: 2]: POST 'https://www.advantageonlineshopping.com/accountservice/ws/GetAccountConfigurationRequest' done. Status 200 OK. HTTP/2.0
[16:16:02.73] Trace: Response 'https://www.advantageonlineshopping.com/accountservice/ws/GetAccountConfigurationRequest': 
HTTP/2.0 200 OK
Content-Length: 823
Accept: text/xml, text/html, image/gif, image/jpeg, *; q=.2, */*; q=.2
Access-Control-Allow-Headers: Origin, X-Requested-With, Content-Type, Accept, Key, soapaction
Access-Control-Allow-Methods: POST, GET, OPTIONS, DELETE
Access-Control-Allow-Origin: *
Access-Control-Max-Age: 3600
Access-Control-Request-Method: POST, GET, OPTIONS, DELETE
Cache-Control: no-store
Content-Type: text/xml;charset=utf-8
Date: Wed, 17 Jan 2024 16:16:02 GMT
Expires: 0
Pragma: no-cache
Server: nginx/1.18.0 (Ubuntu)
Soapaction: ""
Strict-Transport-Security: max-age=31536000; includeSubDomains; preload
X-Content-Type-Options: nosniff
X-Frame-Options: DENY
X-Xss-Protection: 1; mode=block


[16:16:02.73] Info: WebRequest [Id: 2] 'https://www.advantageonlineshopping.com/accountservice/ws/GetAccountConfigurationRequest' completed. (1 request(s) sent, 1548 bytes downloaded)	(./main.js:81:8)
[16:16:02.73] Info: WebRequest [Id: 3] 'https://www.advantageonlineshopping.com/app/tempFiles/popularProducts.json' registered to send (sync).	(./main.js:91:8)
[16:16:02.74] Trace: Request [Id: 3] 'https://www.advantageonlineshopping.com/app/tempFiles/popularProducts.json': 
GET /app/tempFiles/popularProducts.json HTTP/1.1
Host: www.advantageonlineshopping.com
User-Agent: Mozilla/5.0 (Windows NT 6.1; Win64; x64) AppleWebKit/537.36 (KHTML, like Gecko) Chrome/63.0.3239.132 Safari/537.36
Accept: application/json, text/plain, */*
Accept-Encoding: gzip, deflate
Accept-Language: en-US,en;q=0.9
Referer: http://www.advantageonlineshopping.com/


[16:16:02.74] Debug: Request [Id: 3]: GET 'https://www.advantageonlineshopping.com/app/tempFiles/popularProducts.json' started.
[16:16:02.74] Trace: Request [Id: 3]: Using existing connection from 192.168.132.161:7479 to 54.227.55.203:443.
[16:16:02.75] Debug: Request [Id: 3]: GET 'https://www.advantageonlineshopping.com/app/tempFiles/popularProducts.json' done. Status 200 OK. HTTP/2.0
[16:16:02.75] Trace: Response 'https://www.advantageonlineshopping.com/app/tempFiles/popularProducts.json': 
HTTP/2.0 200 OK
Connection: close
Accept-Ranges: bytes
Cache-Control: max-age=0
Content-Encoding: gzip
Content-Type: application/json
Date: Wed, 17 Jan 2024 16:16:02 GMT
Etag: W/"2323-1688024148000"
Expires: Wed, 17 Jan 2024 16:16:02 GMT
Last-Modified: Thu, 29 Jun 2023 07:35:48 GMT
Server: nginx/1.18.0 (Ubuntu)
Strict-Transport-Security: max-age=31536000; includeSubDomains; preload
Vary: accept-encoding


[16:16:02.75] Info: WebRequest [Id: 3] 'https://www.advantageonlineshopping.com/app/tempFiles/popularProducts.json' completed. (1 request(s) sent, 421 bytes downloaded)	(./main.js:91:8)
[16:16:02.75] Info: WebRequest [Id: 4] 'http://www.advantageonlineshopping.com/app/views/home-page.html' registered to send (sync).	(./main.js:101:8)
[16:16:02.76] Trace: Request [Id: 4] 'http://www.advantageonlineshopping.com/app/views/home-page.html': 
GET /app/views/home-page.html HTTP/1.1
Host: www.advantageonlineshopping.com
User-Agent: Mozilla/5.0 (Windows NT 6.1; Win64; x64) AppleWebKit/537.36 (KHTML, like Gecko) Chrome/63.0.3239.132 Safari/537.36
Accept: text/html
Accept-Encoding: gzip, deflate
Accept-Language: en-US,en;q=0.9
Referer: http://www.advantageonlineshopping.com/


[16:16:02.76] Debug: Request [Id: 4]: GET 'http://www.advantageonlineshopping.com/app/views/home-page.html' started.
[16:16:02.76] Trace: Request [Id: 4]: Using existing connection from 192.168.132.161:7482 to 54.227.55.203:80.
[16:16:02.78] Debug: Request [Id: 4]: GET 'http://www.advantageonlineshopping.com/app/views/home-page.html' done. Status 200 . HTTP/1.1
[16:16:02.78] Trace: Response 'http://www.advantageonlineshopping.com/app/views/home-page.html': 
HTTP/1.1 200 
Transfer-Encoding: chunked
Accept-Ranges: bytes
Cache-Control: max-age=0
Connection: keep-alive
Content-Encoding: gzip
Content-Type: text/html
Date: Wed, 17 Jan 2024 16:16:02 GMT
Etag: W/"12499-1688024148000"
Expires: Wed, 17 Jan 2024 16:16:02 GMT
Last-Modified: Thu, 29 Jun 2023 07:35:48 GMT
Server: nginx/1.18.0 (Ubuntu)
Vary: accept-encoding


[16:16:02.78] Info: WebRequest [Id: 4] 'http://www.advantageonlineshopping.com/app/views/home-page.html' completed. (1 request(s) sent, 373 bytes downloaded)	(./main.js:101:8)
[16:16:02.78] Info: Transaction 'AOS_landing_page' ended with 'Passed' status (Duration: 1296 ms, ThinkTime: 0 ms).	(./main.js:103:9)
[16:16:02.79] Info: Sleeping for 2.66s.	(./main.js:105:10)
[16:16:05.45] Info: Transaction 'AOS_login' started.	(./main.js:107:9)
[16:16:05.45] Debug: Parameter userPWD (same as userID) is taken from row 0
[16:16:05.45] Info: Parameter Substitution: 'userPWD = Password1'	(./main.js:127:42)
[16:16:05.45] Debug: Parameter userID (sequential) is taken from row 0
[16:16:05.45] Info: Parameter Substitution: 'userID = jarteaga'	(./main.js:128:38)
[16:16:05.46] Info: WebRequest [Id: 5] 'https://www.advantageonlineshopping.com/accountservice/ws/AccountLoginRequest' registered to send (sync).	(./main.js:142:8)
[16:16:05.46] Trace: Request [Id: 5] 'https://www.advantageonlineshopping.com/accountservice/ws/AccountLoginRequest': 
POST /accountservice/ws/AccountLoginRequest HTTP/1.1
Host: www.advantageonlineshopping.com
User-Agent: Mozilla/5.0 (Windows NT 6.1; Win64; x64) AppleWebKit/537.36 (KHTML, like Gecko) Chrome/63.0.3239.132 Safari/537.36
Content-Length: 533
Accept: application/xml, text/xml, */*; q=0.01
Accept-Encoding: gzip, deflate
Accept-Language: en-US,en;q=0.9
Content-Type: text/xml; charset=UTF-8
Origin: http://www.advantageonlineshopping.com
Referer: http://www.advantageonlineshopping.com/
Soapaction: com.advantage.online.store.accountserviceAccountLoginRequest
X-Requested-With: XMLHttpRequest

<?xml version="1.0" encoding="UTF-8"?>
<soap:Envelope xmlns:soap="http://schemas.xmlsoap.org/soap/envelope/"
               xmlns:xsd="http://www.w3.org/2001/XMLSchema" xmlns:xsi="http://www.w3.org/2001/XMLSchema-instance">
    <soap:Body>
        <AccountLoginRequest xmlns="com.advantage.online.store.accountservice">
            <email></email>
            <loginPassword>Password1</loginPassword>
            <loginUser>jarteaga</loginUser>
                </AccountLoginRequest>
            </soap:Body>
        </soap:Envelope>
[16:16:05.46] Debug: Request [Id: 5]: POST 'https://www.advantageonlineshopping.com/accountservice/ws/AccountLoginRequest' started.
[16:16:05.46] Trace: Request [Id: 5]: Using existing connection from 192.168.132.161:7479 to 54.227.55.203:443.
[16:16:05.55] Debug: Request [Id: 5]: POST 'https://www.advantageonlineshopping.com/accountservice/ws/AccountLoginRequest' done. Status 200 OK. HTTP/2.0
[16:16:05.55] Trace: Response 'https://www.advantageonlineshopping.com/accountservice/ws/AccountLoginRequest': 
HTTP/2.0 200 OK
Content-Length: 795
Accept: text/xml, text/html, image/gif, image/jpeg, *; q=.2, */*; q=.2
Access-Control-Allow-Headers: Origin, X-Requested-With, Content-Type, Accept, Key, soapaction
Access-Control-Allow-Methods: POST, GET, OPTIONS, DELETE
Access-Control-Allow-Origin: *
Access-Control-Max-Age: 3600
Access-Control-Request-Method: POST, GET, OPTIONS, DELETE
Cache-Control: no-store
Content-Type: text/xml;charset=utf-8
Date: Wed, 17 Jan 2024 16:16:05 GMT
Expires: 0
Pragma: no-cache
Server: nginx/1.18.0 (Ubuntu)
Soapaction: ""
Strict-Transport-Security: max-age=31536000; includeSubDomains; preload
X-Content-Type-Options: nosniff
X-Frame-Options: DENY
X-Xss-Protection: 1; mode=block


[16:16:05.55] Info: WebRequest [Id: 5] 'https://www.advantageonlineshopping.com/accountservice/ws/AccountLoginRequest' completed. (1 request(s) sent, 1520 bytes downloaded)	(./main.js:142:8)
[16:16:05.55] Trace: 'https://www.advantageonlineshopping.com/accountservice/ws/AccountLoginRequest' response body: <SOAP-ENV:Envelope xmlns:SOAP-ENV="http://schemas.xmlsoap.org/soap/envelope/"><SOAP-ENV:Header/><SOAP-ENV:Body><ns2:AccountLoginResponse xmlns:ns2="com.advantage.online.store.accountservice"><ns2:StatusMessage><ns2:success>true</ns2:success><ns2:userId>612039171</ns2:userId><ns2:reason>Login Successful</ns2:reason><ns2:token>eyJ0eXAiOiJKV1QiLCJhbGciOiJIUzI1NiJ9.eyJpc3MiOiJ3d3cuYWR2YW50YWdlb25saW5lc2hvcHBpbmcuY29tIiwidXNlcklkIjo2MTIwMzkxNzEsInN1YiI6ImphcnRlYWdhIiwicm9sZSI6IlVTRVIifQ.bokotsfvPwAFMGgz2ZUpLjtNABRx8U6xZ0uMUMpKY0Q</ns2:token><ns2:sessionId>18d18355788@7E811110105^i%612039171</ns2:sessionId><ns2:t_authorization>amFydGVhZ2E6UGFzc3dvcmQx</ns2:t_authorization><ns2:accountType>20</ns2:accountType></ns2:StatusMessage></ns2:AccountLoginResponse></SOAP-ENV:Body></SOAP-ENV:Envelope>
[16:16:05.55] Info: Saving parameter 'userId = 612039171'	(./main.js:142:8)
[16:16:05.55] Info: Saving parameter 'authKey = amFydGVhZ2E6UGFzc3dvcmQx'	(./main.js:142:8)
[16:16:05.55] Info: Saving parameter 'isLoginSuccess = true'	(./main.js:142:8)
[16:16:05.55] Debug: Applying extractor 'isLoginSuccess = true'	(./main.js:146:34)
[16:16:05.55] Debug: Applying extractor 'userId = 612039171'	(./main.js:149:104)
[16:16:05.55] Debug: Applying extractor 'authKey = amFydGVhZ2E6UGFzc3dvcmQx'	(./main.js:153:68)
[16:16:05.55] Info: WebRequest [Id: 6] 'http://www.advantageonlineshopping.com/order/api/v1/carts/612039171' registered to send (sync).	(./main.js:156:12)
[16:16:05.55] Trace: Request [Id: 6] 'http://www.advantageonlineshopping.com/order/api/v1/carts/612039171': 
GET /order/api/v1/carts/612039171 HTTP/1.1
Host: www.advantageonlineshopping.com
User-Agent: Mozilla/5.0 (Windows NT 6.1; Win64; x64) AppleWebKit/537.36 (KHTML, like Gecko) Chrome/63.0.3239.132 Safari/537.36
Accept: application/json, text/plain, */*
Accept-Encoding: gzip, deflate
Accept-Language: en-US,en;q=0.9
Authorization: Basic amFydGVhZ2E6UGFzc3dvcmQx
Referer: http://www.advantageonlineshopping.com/


[16:16:05.56] Debug: Request [Id: 6]: GET 'http://www.advantageonlineshopping.com/order/api/v1/carts/612039171' started.
[16:16:05.56] Trace: Request [Id: 6]: Using existing connection from 192.168.132.161:7482 to 54.227.55.203:80.
[16:16:05.68] Debug: Request [Id: 6]: GET 'http://www.advantageonlineshopping.com/order/api/v1/carts/612039171' done. Status 200 . HTTP/1.1
[16:16:05.68] Trace: Response 'http://www.advantageonlineshopping.com/order/api/v1/carts/612039171': 
HTTP/1.1 200 
Transfer-Encoding: chunked
Cache-Control: no-store
Connection: keep-alive
Content-Encoding: gzip
Content-Type: application/json
Date: Wed, 17 Jan 2024 16:16:05 GMT
Expires: 0
Server: nginx/1.18.0 (Ubuntu)
Set-Cookie: JSESSIONID=FCD1A92A8C6339A668CC45028D51E078; Path=/order; HttpOnly
Vary: accept-encoding
X-Content-Type-Options: nosniff
X-Frame-Options: DENY
X-Xss-Protection: 1; mode=block


[16:16:05.68] Info: WebRequest [Id: 6] 'http://www.advantageonlineshopping.com/order/api/v1/carts/612039171' completed. (1 request(s) sent, 421 bytes downloaded)	(./main.js:156:12)
[16:16:05.68] Debug: Parameter userID (sequential) is taken from row 0
[16:16:05.68] Info: Parameter Substitution: 'userID = jarteaga'	(./main.js:158:52)
[16:16:05.68] Debug: Parameter userPWD (same as userID) is taken from row 0
[16:16:05.68] Info: Parameter Substitution: 'userPWD = Password1'	(./main.js:158:76)
[16:16:05.68] Info: Login passed for: [jarteaga : Password1]	(./main.js:158:14)
[16:16:05.68] Info: Transaction 'AOS_login' ended with 'Passed' status (Duration: 231 ms, ThinkTime: 0 ms).	(./main.js:159:13)
[16:16:05.68] Info: Sleeping for 3.351s.	(./main.js:166:10)
[16:16:09.04] Info: Transaction 'AOS_logout' started.	(./main.js:168:9)
[16:16:09.04] Debug: Applying extractor 'userId = 612039171'	(./main.js:187:51)
[16:16:09.04] Debug: Applying extractor 'authKey = amFydGVhZ2E6UGFzc3dvcmQx'	(./main.js:188:59)
[16:16:09.04] Info: WebRequest [Id: 7] 'https://www.advantageonlineshopping.com/accountservice/ws/AccountLogoutRequest' registered to send (sync).	(./main.js:196:8)
[16:16:09.04] Trace: Request [Id: 7] 'https://www.advantageonlineshopping.com/accountservice/ws/AccountLogoutRequest': 
POST /accountservice/ws/AccountLogoutRequest HTTP/1.1
Host: www.advantageonlineshopping.com
User-Agent: Mozilla/5.0 (Windows NT 6.1; Win64; x64) AppleWebKit/537.36 (KHTML, like Gecko) Chrome/63.0.3239.132 Safari/537.36
Content-Length: 501
Accept: application/xml, text/xml, */*; q=0.01
Accept-Encoding: gzip, deflate
Accept-Language: en-US,en;q=0.9
Content-Type: text/xml; charset=UTF-8
Origin: http://www.advantageonlineshopping.com
Referer: http://www.advantageonlineshopping.com/
Soapaction: com.advantage.online.store.accountserviceAccountLogoutRequest
X-Requested-With: XMLHttpRequest

<?xml version="1.0" encoding="UTF-8"?>
<soap:Envelope xmlns:soap="http://schemas.xmlsoap.org/soap/envelope/"
               xmlns:xsd="http://www.w3.org/2001/XMLSchema" xmlns:xsi="http://www.w3.org/2001/XMLSchema-instance">
    <soap:Body>
        <AccountLogoutRequest xmlns="com.advantage.online.store.accountservice">
            <loginUser>612039171</loginUser>
            <base64Token>Basic amFydGVhZ2E6UGFzc3dvcmQx</base64Token>
        </AccountLogoutRequest>
    </soap:Body>
</soap:Envelope>
[16:16:09.04] Debug: Request [Id: 7]: POST 'https://www.advantageonlineshopping.com/accountservice/ws/AccountLogoutRequest' started.
[16:16:09.04] Trace: Request [Id: 7]: Using existing connection from 192.168.132.161:7479 to 54.227.55.203:443.
[16:16:09.15] Debug: Request [Id: 7]: POST 'https://www.advantageonlineshopping.com/accountservice/ws/AccountLogoutRequest' done. Status 200 OK. HTTP/2.0
[16:16:09.15] Trace: Response 'https://www.advantageonlineshopping.com/accountservice/ws/AccountLogoutRequest': 
HTTP/2.0 200 OK
Content-Length: 402
Accept: text/xml, text/html, image/gif, image/jpeg, *; q=.2, */*; q=.2
Access-Control-Allow-Headers: Origin, X-Requested-With, Content-Type, Accept, Key, soapaction
Access-Control-Allow-Methods: POST, GET, OPTIONS, DELETE
Access-Control-Allow-Origin: *
Access-Control-Max-Age: 3600
Access-Control-Request-Method: POST, GET, OPTIONS, DELETE
Cache-Control: no-store
Content-Type: text/xml;charset=utf-8
Date: Wed, 17 Jan 2024 16:16:09 GMT
Expires: 0
Pragma: no-cache
Server: nginx/1.18.0 (Ubuntu)
Soapaction: ""
Strict-Transport-Security: max-age=31536000; includeSubDomains; preload
X-Content-Type-Options: nosniff
X-Frame-Options: DENY
X-Xss-Protection: 1; mode=block


[16:16:09.15] Info: WebRequest [Id: 7] 'https://www.advantageonlineshopping.com/accountservice/ws/AccountLogoutRequest' completed. (1 request(s) sent, 1127 bytes downloaded)	(./main.js:196:8)
[16:16:09.15] Info: Saving parameter 'isLogoutSuccess = true'	(./main.js:196:8)
[16:16:09.15] Debug: Applying extractor 'isLogoutSuccess = true'	(./main.js:199:35)
[16:16:09.15] Info: Transaction 'AOS_logout' ended with 'Passed' status (Duration: 112 ms, ThinkTime: 0 ms).	(./main.js:200:13)
[16:16:09.15] Info: Ending iteration 1.
[16:16:09.15] Info: Starting finalize.
[16:16:09.15] Info: Ending finalize.
